0 info it worked if it ends with ok
1 verbose cli [ 'C:\\Program Files\\nodejs\\node.exe',
1 verbose cli   'C:\\Program Files\\nodejs\\node_modules\\npm\\bin\\npm-cli.js',
1 verbose cli   'run',
1 verbose cli   'build' ]
2 info using npm@2.15.8
3 info using node@v4.4.7
4 verbose run-script [ 'prebuild', 'build', 'postbuild' ]
5 info prebuild Mizzy@0.0.1
6 info build Mizzy@0.0.1
7 verbose unsafe-perm in lifecycle true
8 info Mizzy@0.0.1 Failed to exec build script
9 verbose stack Error: Mizzy@0.0.1 build: `gulp build`
9 verbose stack Exit status 1
9 verbose stack     at EventEmitter.<anonymous> (C:\Program Files\nodejs\node_modules\npm\lib\utils\lifecycle.js:217:16)
9 verbose stack     at emitTwo (events.js:87:13)
9 verbose stack     at EventEmitter.emit (events.js:172:7)
9 verbose stack     at ChildProcess.<anonymous> (C:\Program Files\nodejs\node_modules\npm\lib\utils\spawn.js:24:14)
9 verbose stack     at emitTwo (events.js:87:13)
9 verbose stack     at ChildProcess.emit (events.js:172:7)
9 verbose stack     at maybeClose (internal/child_process.js:827:16)
9 verbose stack     at Process.ChildProcess._handle.onexit (internal/child_process.js:211:5)
10 verbose pkgid Mizzy@0.0.1
11 verbose cwd C:\Users\skint\Documents\Dev\Mizzy
12 error Windows_NT 10.0.14393
13 error argv "C:\\Program Files\\nodejs\\node.exe" "C:\\Program Files\\nodejs\\node_modules\\npm\\bin\\npm-cli.js" "run" "build"
14 error node v4.4.7
15 error npm  v2.15.8
16 error code ELIFECYCLE
17 error Mizzy@0.0.1 build: `gulp build`
17 error Exit status 1
18 error Failed at the Mizzy@0.0.1 build script 'gulp build'.
18 error This is most likely a problem with the Mizzy package,
18 error not with npm itself.
18 error Tell the author that this fails on your system:
18 error     gulp build
18 error You can get information on how to open an issue for this project with:
18 error     npm bugs Mizzy
18 error Or if that isn't available, you can get their info via:
18 error
18 error     npm owner ls Mizzy
18 error There is likely additional logging output above.
19 verbose exit [ 1, true ]
